2024-08-16 19:05:37,179 - INFO - Course 'bio' added with ID 123
2024-08-16 19:05:44,685 - INFO - Course 'social' added with ID 234
2024-08-16 19:05:50,652 - INFO - Student jen (ID: 321) added to course 'bio'
2024-08-16 19:50:19,931 - INFO - Course 'bio' added with ID 123
2024-08-16 19:50:32,237 - ERROR - Course ID not found
2024-08-16 19:53:17,464 - ERROR - Course ID not found
2024-08-16 19:53:39,765 - ERROR - Course ID not found
2024-08-16 19:55:44,410 - ERROR - Course ID not found
2024-08-16 20:04:17,069 - INFO - Student Jane Doe (ID: S124) added to course 'Introduction to Computer Science'
2024-08-16 20:04:39,996 - INFO - Course 'bio' added with ID 123
2024-08-16 20:04:50,842 - INFO - Student jen (ID: 321) added to course 'bio'
2024-08-16 21:30:01,493 - INFO -  * Restarting with windowsapi reloader
2024-08-16 21:30:01,850 - WARNING -  * Debugger is active!
2024-08-16 21:30:01,859 - INFO -  * Debugger PIN: 239-805-334
2024-08-16 21:30:01,879 - INFO -  * Running on http://127.0.0.1:5000/ (Press CTRL+C to quit)
2024-08-16 21:32:18,570 - INFO -  * Restarting with windowsapi reloader
2024-08-16 21:32:18,923 - WARNING -  * Debugger is active!
2024-08-16 21:32:18,932 - INFO -  * Debugger PIN: 239-805-334
2024-08-16 21:32:18,951 - INFO -  * Running on http://127.0.0.1:5000/ (Press CTRL+C to quit)
2024-08-16 21:37:18,672 - INFO -  * Restarting with windowsapi reloader
2024-08-16 21:37:19,018 - WARNING -  * Debugger is active!
2024-08-16 21:37:19,027 - INFO -  * Debugger PIN: 239-805-334
2024-08-16 21:37:19,046 - INFO -  * Running on http://127.0.0.1:5000/ (Press CTRL+C to quit)
